Unity Editor version:    2021.3.18f1 (3129e69bc0c7)
Branch:                  2021.3/staging
Build type:              Release
Batch mode:              YES
macOS version:           Version 12.0.1 (Build 21A559)
Darwin version:          21.1.0
Architecture:            x86_64
Running under Rosetta:   NO
Available memory:        16384 MB
Using pre-set license
Pro License: YES

COMMAND LINE ARGUMENTS:
/Applications/Unity/Hub/Editor/2021.3.18f1/Unity.app/Contents/MacOS/Unity
-adb2
-batchMode
-noUpm
-name
AssetImportWorker1
-projectPath
/Users/mbstudent/Documents/GitHub/Team-AA/Flag Identification
-logFile
Logs/AssetImportWorker1.log
-srvPort
62281
Successfully changed project path to: /Users/mbstudent/Documents/GitHub/Team-AA/Flag Identification
/Users/mbstudent/Documents/GitHub/Team-AA/Flag Identification
[UnityMemory] Configuration Parameters - Can be set up in boot.config
    "memorysetup-bucket-allocator-granularity=16"
    "memorysetup-bucket-allocator-bucket-count=8"
    "memorysetup-bucket-allocator-block-size=33554432"
    "memorysetup-bucket-allocator-block-count=8"
    "memorysetup-main-allocator-block-size=16777216"
    "memorysetup-thread-allocator-block-size=16777216"
    "memorysetup-gfx-main-allocator-block-size=16777216"
    "memorysetup-gfx-thread-allocator-block-size=16777216"
    "memorysetup-cache-allocator-block-size=4194304"
    "memorysetup-typetree-allocator-block-size=2097152"
    "memorysetup-profiler-bucket-allocator-granularity=16"
    "memorysetup-profiler-bucket-allocator-bucket-count=8"
    "memorysetup-profiler-bucket-allocator-block-size=33554432"
    "memorysetup-profiler-bucket-allocator-block-count=8"
    "memorysetup-profiler-allocator-block-size=16777216"
    "memorysetup-profiler-editor-allocator-block-size=1048576"
    "memorysetup-temp-allocator-size-main=16777216"
    "memorysetup-job-temp-allocator-block-size=2097152"
    "memorysetup-job-temp-allocator-block-size-background=1048576"
    "memorysetup-job-temp-allocator-reduction-small-platforms=262144"
    "memorysetup-temp-allocator-size-background-worker=32768"
    "memorysetup-temp-allocator-size-job-worker=262144"
    "memorysetup-temp-allocator-size-preload-manager=33554432"
    "memorysetup-temp-allocator-size-nav-mesh-worker=65536"
    "memorysetup-temp-allocator-size-audio-worker=65536"
    "memorysetup-temp-allocator-size-cloud-worker=32768"
    "memorysetup-temp-allocator-size-gi-baking-worker=262144"
    "memorysetup-temp-allocator-size-gfx=262144"
Player connection [4629964288] Host "[IP] 10.28.126.250 [Port] 0 [Flags] 2 [Guid] 2195956197 [EditorId] 2195956197 [Version] 1048832 [Id] OSXEditor(0,MB-{{serial-number}}) [Debug] 1 [PackageName] OSXEditor [ProjectName] Editor" joined multi-casting on [225.0.0.222:54997]...

Player connection [4629964288] Host "[IP] 10.28.126.250 [Port] 0 [Flags] 2 [Guid] 2195956197 [EditorId] 2195956197 [Version] 1048832 [Id] OSXEditor(0,MB-{{serial-number}}) [Debug] 1 [PackageName] OSXEditor [ProjectName] Editor" joined alternative multi-casting on [225.0.0.222:34997]...

Refreshing native plugins compatible for Editor in 102.55 ms, found 2 plugins.
Preloading 0 native plugins for Editor in 0.00 ms.
Initialize engine version: 2021.3.18f1 (3129e69bc0c7)
[Subsystems] Discovering subsystems at path /Applications/Unity/Hub/Editor/2021.3.18f1/Unity.app/Contents/Resources/UnitySubsystems
[Subsystems] Discovering subsystems at path /Users/mbstudent/Documents/GitHub/Team-AA/Flag Identification/Assets
GfxDevice: creating device client; threaded=0; jobified=0
Color LCD preferred device: Intel(R) HD Graphics 530 (low power)
Metal devices available: 2
0: AMD Radeon Pro 450 (high power)
1: Intel(R) HD Graphics 530 (low power)
Using device AMD Radeon Pro 450 (high power)
Initializing Metal device caps: AMD Radeon Pro 450
Initialize mono
Mono path[0] = '/Applications/Unity/Hub/Editor/2021.3.18f1/Unity.app/Contents/Managed'
Mono path[1] = '/Applications/Unity/Hub/Editor/2021.3.18f1/Unity.app/Contents/MonoBleedingEdge/lib/mono/unityjit-macos'
Mono config path = '/Applications/Unity/Hub/Editor/2021.3.18f1/Unity.app/Contents/MonoBleedingEdge/etc'
Using monoOptions --debugger-agent=transport=dt_socket,embedding=1,server=y,suspend=n,address=127.0.0.1:56630
Begin MonoManager ReloadAssembly
Registering precompiled unity dll's ...
Register platform support module: /Applications/Unity/Hub/Editor/2021.3.18f1/PlaybackEngines/WebGLSupport/UnityEditor.WebGL.Extensions.dll
Register platform support module: /Applications/Unity/Hub/Editor/2021.3.18f1/Unity.app/Contents/PlaybackEngines/MacStandaloneSupport/UnityEditor.OSXStandalone.Extensions.dll
Registered in 0.001725 seconds.
Native extension for OSXStandalone target not found
Native extension for WebGL target not found
Refreshing native plugins compatible for Editor in 100.51 ms, found 2 plugins.
Preloading 0 native plugins for Editor in 0.00 ms.
Mono: successfully reloaded assembly
- Completed reload, in  0.916 seconds
Domain Reload Profiling:
	ReloadAssembly (917ms)
		BeginReloadAssembly (77ms)
			ExecutionOrderSort (0ms)
			DisableScriptedObjects (0ms)
			BackupInstance (0ms)
			ReleaseScriptingObjects (0ms)
			CreateAndSetChildDomain (1ms)
		EndReloadAssembly (672ms)
			LoadAssemblies (76ms)
			RebuildTransferFunctionScriptingTraits (0ms)
			SetupTypeCache (174ms)
			ReleaseScriptCaches (0ms)
			RebuildScriptCaches (46ms)
			SetupLoadedEditorAssemblies (388ms)
				LogAssemblyErrors (0ms)
				InitializePlatformSupportModulesInManaged (11ms)
				SetLoadedEditorAssemblies (0ms)
				RefreshPlugins (101ms)
				BeforeProcessingInitializeOnLoad (2ms)
				ProcessInitializeOnLoadAttributes (208ms)
				ProcessInitializeOnLoadMethodAttributes (67ms)
				AfterProcessingInitializeOnLoad (0ms)
				EditorAssembliesLoaded (0ms)
			ExecutionOrderSort2 (0ms)
			AwakeInstancesAfterBackupRestoration (0ms)
Platform modules already initialized, skipping
Registering precompiled user dll's ...
Registered in 0.003937 seconds.
Begin MonoManager ReloadAssembly
Symbol file LoadedFromMemory doesn't match image /Users/mbstudent/Documents/GitHub/Team-AA/Flag Identification/Library/PackageCache/com.unity.visualscripting@1.8.0/Editor/VisualScripting.Core/Dependencies/YamlDotNet/Unity.VisualScripting.YamlDotNet.dll
Symbol file LoadedFromMemory doesn't match image /Users/mbstudent/Documents/GitHub/Team-AA/Flag Identification/Library/PackageCache/com.unity.visualscripting@1.8.0/Editor/VisualScripting.Core/Dependencies/DotNetZip/Unity.VisualScripting.IonicZip.dll
Native extension for OSXStandalone target not found
Native extension for WebGL target not found
Refreshing native plugins compatible for Editor in 0.65 ms, found 2 plugins.
Preloading 0 native plugins for Editor in 0.00 ms.
Mono: successfully reloaded assembly
- Completed reload, in  1.453 seconds
Domain Reload Profiling:
	ReloadAssembly (1454ms)
		BeginReloadAssembly (139ms)
			ExecutionOrderSort (0ms)
			DisableScriptedObjects (8ms)
			BackupInstance (0ms)
			ReleaseScriptingObjects (0ms)
			CreateAndSetChildDomain (40ms)
		EndReloadAssembly (1151ms)
			LoadAssemblies (74ms)
			RebuildTransferFunctionScriptingTraits (0ms)
			SetupTypeCache (407ms)
			ReleaseScriptCaches (1ms)
			RebuildScriptCaches (74ms)
			SetupLoadedEditorAssemblies (510ms)
				LogAssemblyErrors (0ms)
				InitializePlatformSupportModulesInManaged (8ms)
				SetLoadedEditorAssemblies (1ms)
				RefreshPlugins (1ms)
				BeforeProcessingInitializeOnLoad (112ms)
				ProcessInitializeOnLoadAttributes (356ms)
				ProcessInitializeOnLoadMethodAttributes (30ms)
				AfterProcessingInitializeOnLoad (3ms)
				EditorAssembliesLoaded (0ms)
			ExecutionOrderSort2 (0ms)
			AwakeInstancesAfterBackupRestoration (7ms)
Platform modules already initialized, skipping
========================================================================
Worker process is ready to serve import requests
Launching external process: /Applications/Unity/Hub/Editor/2021.3.18f1/Unity.app/Contents/Tools/UnityShaderCompiler
Launched and connected shader compiler UnityShaderCompiler after 0.09 seconds
Refreshing native plugins compatible for Editor in 0.85 ms, found 2 plugins.
Preloading 0 native plugins for Editor in 0.00 ms.
Unloading 3061 Unused Serialized files (Serialized files now loaded: 0)
Unloading 24 unused Assets / (88.4 KB). Loaded Objects now: 3522.
Memory consumption went from 104.7 MB to 104.6 MB.
Total: 5.266134 ms (FindLiveObjects: 0.671560 ms CreateObjectMapping: 0.400838 ms MarkObjects: 4.035187 ms  DeleteObjects: 0.156535 ms)

AssetImportParameters requested are different than current active one (requested -> active):
  custom:video-decoder-ogg-theora: a1e56fd34408186e4bbccfd4996cb3dc -> 
  custom:container-muxer-webm: aa71ff27fc2769a1b78a27578f13a17b -> 
  custom:container-demuxer-webm: 4f35f7cbe854078d1ac9338744f61a02 -> 
  custom:video-encoder-webm-vp8: eb34c28f22e8b96e1ab97ce403110664 -> 
  custom:framework-osx-AVFoundation: e770b220cccbd017edd2c1fefb359320 -> 
  custom:audio-encoder-webm-vorbis: bf7c407c2cedff20999df2af8eb42d56 -> 
  custom:container-demuxer-ogg: 62fdf1f143b41e24485cea50d1cbac27 -> 
  custom:video-decoder-webm-vp8: 9c59270c3fd7afecdb556c50c9e8de78 -> 
  custom:audio-decoder-ogg-vorbis: bf7c407c2cedff20999df2af8eb42d56 -> 
========================================================================
Received Prepare
Registering precompiled user dll's ...
Registered in 0.002666 seconds.
Begin MonoManager ReloadAssembly
Symbol file LoadedFromMemory doesn't match image /Users/mbstudent/Documents/GitHub/Team-AA/Flag Identification/Library/PackageCache/com.unity.visualscripting@1.8.0/Editor/VisualScripting.Core/Dependencies/YamlDotNet/Unity.VisualScripting.YamlDotNet.dll
Symbol file LoadedFromMemory doesn't match image /Users/mbstudent/Documents/GitHub/Team-AA/Flag Identification/Library/PackageCache/com.unity.visualscripting@1.8.0/Editor/VisualScripting.Core/Dependencies/DotNetZip/Unity.VisualScripting.IonicZip.dll
Native extension for OSXStandalone target not found
Native extension for WebGL target not found
Refreshing native plugins compatible for Editor in 0.82 ms, found 2 plugins.
Preloading 0 native plugins for Editor in 0.00 ms.
Mono: successfully reloaded assembly
- Completed reload, in  1.798 seconds
Domain Reload Profiling:
	ReloadAssembly (1799ms)
		BeginReloadAssembly (185ms)
			ExecutionOrderSort (0ms)
			DisableScriptedObjects (8ms)
			BackupInstance (0ms)
			ReleaseScriptingObjects (0ms)
			CreateAndSetChildDomain (76ms)
		EndReloadAssembly (1466ms)
			LoadAssemblies (89ms)
			RebuildTransferFunctionScriptingTraits (1ms)
			SetupTypeCache (564ms)
			ReleaseScriptCaches (2ms)
			RebuildScriptCaches (89ms)
			SetupLoadedEditorAssemblies (605ms)
				LogAssemblyErrors (0ms)
				InitializePlatformSupportModulesInManaged (18ms)
				SetLoadedEditorAssemblies (1ms)
				RefreshPlugins (1ms)
				BeforeProcessingInitializeOnLoad (116ms)
				ProcessInitializeOnLoadAttributes (425ms)
				ProcessInitializeOnLoadMethodAttributes (41ms)
				AfterProcessingInitializeOnLoad (3ms)
				EditorAssembliesLoaded (0ms)
			ExecutionOrderSort2 (0ms)
			AwakeInstancesAfterBackupRestoration (9ms)
Platform modules already initialized, skipping
Refreshing native plugins compatible for Editor in 1.65 ms, found 2 plugins.
Preloading 0 native plugins for Editor in 0.00 ms.
Unloading 3043 Unused Serialized files (Serialized files now loaded: 0)
Unloading 17 unused Assets / (68.1 KB). Loaded Objects now: 3525.
Memory consumption went from 103.3 MB to 103.2 MB.
Total: 5.404464 ms (FindLiveObjects: 0.479507 ms CreateObjectMapping: 0.331290 ms MarkObjects: 4.473898 ms  DeleteObjects: 0.118168 ms)

AssetImportParameters requested are different than current active one (requested -> active):
  custom:video-decoder-ogg-theora: a1e56fd34408186e4bbccfd4996cb3dc -> 
  custom:container-muxer-webm: aa71ff27fc2769a1b78a27578f13a17b -> 
  custom:container-demuxer-webm: 4f35f7cbe854078d1ac9338744f61a02 -> 
  custom:video-encoder-webm-vp8: eb34c28f22e8b96e1ab97ce403110664 -> 
  custom:framework-osx-AVFoundation: e770b220cccbd017edd2c1fefb359320 -> 
  custom:audio-encoder-webm-vorbis: bf7c407c2cedff20999df2af8eb42d56 -> 
  custom:container-demuxer-ogg: 62fdf1f143b41e24485cea50d1cbac27 -> 
  custom:video-decoder-webm-vp8: 9c59270c3fd7afecdb556c50c9e8de78 -> 
  custom:audio-decoder-ogg-vorbis: bf7c407c2cedff20999df2af8eb42d56 -> 
========================================================================
Received Import Request.
  Time since last request: 92797.071785 seconds.
  path: Assets/TextMesh Pro/Resources/Fonts & Materials/LiberationSans SDF - Fallback.asset
  artifactKey: Guid(2e498d1c8094910479dc3e1b768306a4) Importer(815301076,1909f56bfc062723c751e8b465ee728b)
Start importing Assets/TextMesh Pro/Resources/Fonts & Materials/LiberationSans SDF - Fallback.asset using Guid(2e498d1c8094910479dc3e1b768306a4) Importer(815301076,1909f56bfc062723c751e8b465ee728b)  -> (artifact id: '00000000000000000000000000000000') in 1.351237 seconds  code(4) message(Build asset version error: assets/textmesh pro/resources/fonts & materials/liberationsans sdf - fallback.asset in SourceAssetDB has modification time of '2021-02-16T06:45:16Z' while content on disk has modification time of '2023-04-25T22:44:29Z')
  ERROR: Build asset version error: assets/textmesh pro/resources/fonts & materials/liberationsans sdf - fallback.asset in SourceAssetDB has modification time of '2021-02-16T06:45:16Z' while content on disk has modification time of '2023-04-25T22:44:29Z'
========================================================================
Received Import Request.
  Time since last request: 35.129352 seconds.
  path: 
  artifactKey: Guid(890580084c7324e6c9ff1a4d7f9999ec) Importer(815301076,1909f56bfc062723c751e8b465ee728b)
Start importing  using Guid(890580084c7324e6c9ff1a4d7f9999ec) Importer(815301076,1909f56bfc062723c751e8b465ee728b)  -> (artifact id: '00000000000000000000000000000000') in 0.000075 seconds  code(3) message(Unknown asset with GUID '890580084c7324e6c9ff1a4d7f9999ec')
  ERROR: Unknown asset with GUID '890580084c7324e6c9ff1a4d7f9999ec'
========================================================================
Received Import Request.
  Time since last request: 176.640410 seconds.
  path: Assets/TextMesh Pro/Resources/Fonts & Materials/LiberationSans SDF - Fallback.asset
  artifactKey: Guid(2e498d1c8094910479dc3e1b768306a4) Importer(815301076,1909f56bfc062723c751e8b465ee728b)
Start importing Assets/TextMesh Pro/Resources/Fonts & Materials/LiberationSans SDF - Fallback.asset using Guid(2e498d1c8094910479dc3e1b768306a4) Importer(815301076,1909f56bfc062723c751e8b465ee728b)  -> (artifact id: '00000000000000000000000000000000') in 0.043953 seconds  code(4) message(Build asset version error: assets/textmesh pro/resources/fonts & materials/liberationsans sdf - fallback.asset in SourceAssetDB has modification time of '2021-02-16T06:45:16Z' while content on disk has modification time of '2023-04-25T22:44:29Z')
  ERROR: Build asset version error: assets/textmesh pro/resources/fonts & materials/liberationsans sdf - fallback.asset in SourceAssetDB has modification time of '2021-02-16T06:45:16Z' while content on disk has modification time of '2023-04-25T22:44:29Z'
========================================================================
Received Import Request.
  Time since last request: 0.000086 seconds.
  path: Assets/TextMesh Pro/Resources/Fonts & Materials/LiberationSans SDF - Outline.mat
  artifactKey: Guid(79459efec17a4d00a321bdcc27bbc385) Importer(815301076,1909f56bfc062723c751e8b465ee728b)
Start importing Assets/TextMesh Pro/Resources/Fonts & Materials/LiberationSans SDF - Outline.mat using Guid(79459efec17a4d00a321bdcc27bbc385) Importer(815301076,1909f56bfc062723c751e8b465ee728b)  -> (artifact id: '00000000000000000000000000000000') in 0.382296 seconds  code(4) message(Build asset version error: assets/textmesh pro/resources/fonts & materials/liberationsans sdf - outline.mat in SourceAssetDB has modification time of '2019-03-06T08:10:14Z' while content on disk has modification time of '2023-04-25T22:44:29Z')
  ERROR: Build asset version error: assets/textmesh pro/resources/fonts & materials/liberationsans sdf - outline.mat in SourceAssetDB has modification time of '2019-03-06T08:10:14Z' while content on disk has modification time of '2023-04-25T22:44:29Z'
========================================================================
Received Import Request.
  Time since last request: 0.000121 seconds.
  path: Assets/TextMesh Pro/Resources/Fonts & Materials/LiberationSans SDF.asset
  artifactKey: Guid(8f586378b4e144a9851e7b34d9b748ee) Importer(815301076,1909f56bfc062723c751e8b465ee728b)
Start importing Assets/TextMesh Pro/Resources/Fonts & Materials/LiberationSans SDF.asset using Guid(8f586378b4e144a9851e7b34d9b748ee) Importer(815301076,1909f56bfc062723c751e8b465ee728b)  -> (artifact id: '00000000000000000000000000000000') in 0.062085 seconds  code(4) message(Build asset version error: assets/textmesh pro/resources/fonts & materials/liberationsans sdf.asset in SourceAssetDB has modification time of '2019-04-16T22:57:56Z' while content on disk has modification time of '2023-04-25T22:44:29Z')
  ERROR: Build asset version error: assets/textmesh pro/resources/fonts & materials/liberationsans sdf.asset in SourceAssetDB has modification time of '2019-04-16T22:57:56Z' while content on disk has modification time of '2023-04-25T22:44:29Z'
========================================================================
Received Import Request.
  Time since last request: 200.863817 seconds.
  path: 
  artifactKey: Guid(84526ed1aebf346aa861a1723fdf7c38) Importer(815301076,1909f56bfc062723c751e8b465ee728b)
Start importing  using Guid(84526ed1aebf346aa861a1723fdf7c38) Importer(815301076,1909f56bfc062723c751e8b465ee728b)  -> (artifact id: '00000000000000000000000000000000') in 0.000063 seconds  code(3) message(Unknown asset with GUID '84526ed1aebf346aa861a1723fdf7c38')
  ERROR: Unknown asset with GUID '84526ed1aebf346aa861a1723fdf7c38'
========================================================================
Received Import Request.
  Time since last request: 0.000092 seconds.
  path: 
  artifactKey: Guid(890580084c7324e6c9ff1a4d7f9999ec) Importer(815301076,1909f56bfc062723c751e8b465ee728b)
Start importing  using Guid(890580084c7324e6c9ff1a4d7f9999ec) Importer(815301076,1909f56bfc062723c751e8b465ee728b)  -> (artifact id: '00000000000000000000000000000000') in 0.000152 seconds  code(3) message(Unknown asset with GUID '890580084c7324e6c9ff1a4d7f9999ec')
  ERROR: Unknown asset with GUID '890580084c7324e6c9ff1a4d7f9999ec'
========================================================================
Received Import Request.
  Time since last request: 5.518899 seconds.
  path: Assets/TextMesh Pro/Resources/Fonts & Materials/LiberationSans SDF - Fallback.asset
  artifactKey: Guid(2e498d1c8094910479dc3e1b768306a4) Importer(815301076,1909f56bfc062723c751e8b465ee728b)
Start importing Assets/TextMesh Pro/Resources/Fonts & Materials/LiberationSans SDF - Fallback.asset using Guid(2e498d1c8094910479dc3e1b768306a4) Importer(815301076,1909f56bfc062723c751e8b465ee728b)  -> (artifact id: '00000000000000000000000000000000') in 0.036451 seconds  code(4) message(Build asset version error: assets/textmesh pro/resources/fonts & materials/liberationsans sdf - fallback.asset in SourceAssetDB has modification time of '2021-02-16T06:45:16Z' while content on disk has modification time of '2023-04-25T23:16:11Z')
  ERROR: Build asset version error: assets/textmesh pro/resources/fonts & materials/liberationsans sdf - fallback.asset in SourceAssetDB has modification time of '2021-02-16T06:45:16Z' while content on disk has modification time of '2023-04-25T23:16:11Z'
========================================================================
Received Import Request.
  Time since last request: 102.470788 seconds.
  path: 
  artifactKey: Guid(84526ed1aebf346aa861a1723fdf7c38) Importer(815301076,1909f56bfc062723c751e8b465ee728b)
Start importing  using Guid(84526ed1aebf346aa861a1723fdf7c38) Importer(815301076,1909f56bfc062723c751e8b465ee728b)  -> (artifact id: '00000000000000000000000000000000') in 0.000064 seconds  code(3) message(Unknown asset with GUID '84526ed1aebf346aa861a1723fdf7c38')
  ERROR: Unknown asset with GUID '84526ed1aebf346aa861a1723fdf7c38'
========================================================================
Received Import Request.
  Time since last request: 0.000086 seconds.
  path: 
  artifactKey: Guid(890580084c7324e6c9ff1a4d7f9999ec) Importer(815301076,1909f56bfc062723c751e8b465ee728b)
Start importing  using Guid(890580084c7324e6c9ff1a4d7f9999ec) Importer(815301076,1909f56bfc062723c751e8b465ee728b)  -> (artifact id: '00000000000000000000000000000000') in 0.000069 seconds  code(3) message(Unknown asset with GUID '890580084c7324e6c9ff1a4d7f9999ec')
  ERROR: Unknown asset with GUID '890580084c7324e6c9ff1a4d7f9999ec'
========================================================================
Received Import Request.
  Time since last request: 10.165760 seconds.
  path: 
  artifactKey: Guid(84526ed1aebf346aa861a1723fdf7c38) Importer(815301076,1909f56bfc062723c751e8b465ee728b)
Start importing  using Guid(84526ed1aebf346aa861a1723fdf7c38) Importer(815301076,1909f56bfc062723c751e8b465ee728b)  -> (artifact id: '00000000000000000000000000000000') in 0.000058 seconds  code(3) message(Unknown asset with GUID '84526ed1aebf346aa861a1723fdf7c38')
  ERROR: Unknown asset with GUID '84526ed1aebf346aa861a1723fdf7c38'
========================================================================
Received Import Request.
  Time since last request: 0.000097 seconds.
  path: 
  artifactKey: Guid(890580084c7324e6c9ff1a4d7f9999ec) Importer(815301076,1909f56bfc062723c751e8b465ee728b)
Start importing  using Guid(890580084c7324e6c9ff1a4d7f9999ec) Importer(815301076,1909f56bfc062723c751e8b465ee728b)  -> (artifact id: '00000000000000000000000000000000') in 0.000068 seconds  code(3) message(Unknown asset with GUID '890580084c7324e6c9ff1a4d7f9999ec')
  ERROR: Unknown asset with GUID '890580084c7324e6c9ff1a4d7f9999ec'
========================================================================
Received Import Request.
  Time since last request: 1.825794 seconds.
  path: 
  artifactKey: Guid(84526ed1aebf346aa861a1723fdf7c38) Importer(815301076,1909f56bfc062723c751e8b465ee728b)
Start importing  using Guid(84526ed1aebf346aa861a1723fdf7c38) Importer(815301076,1909f56bfc062723c751e8b465ee728b)  -> (artifact id: '00000000000000000000000000000000') in 0.000067 seconds  code(3) message(Unknown asset with GUID '84526ed1aebf346aa861a1723fdf7c38')
  ERROR: Unknown asset with GUID '84526ed1aebf346aa861a1723fdf7c38'
========================================================================
Received Import Request.
  Time since last request: 0.000103 seconds.
  path: 
  artifactKey: Guid(890580084c7324e6c9ff1a4d7f9999ec) Importer(815301076,1909f56bfc062723c751e8b465ee728b)
Start importing  using Guid(890580084c7324e6c9ff1a4d7f9999ec) Importer(815301076,1909f56bfc062723c751e8b465ee728b)  -> (artifact id: '00000000000000000000000000000000') in 0.000093 seconds  code(3) message(Unknown asset with GUID '890580084c7324e6c9ff1a4d7f9999ec')
  ERROR: Unknown asset with GUID '890580084c7324e6c9ff1a4d7f9999ec'
========================================================================
Received Import Request.
  Time since last request: 2.925353 seconds.
  path: Assets/TextMesh Pro/Resources/Fonts & Materials/LiberationSans SDF - Fallback.asset
  artifactKey: Guid(2e498d1c8094910479dc3e1b768306a4) Importer(815301076,1909f56bfc062723c751e8b465ee728b)
Start importing Assets/TextMesh Pro/Resources/Fonts & Materials/LiberationSans SDF - Fallback.asset using Guid(2e498d1c8094910479dc3e1b768306a4) Importer(815301076,1909f56bfc062723c751e8b465ee728b)  -> (artifact id: '00000000000000000000000000000000') in 0.035759 seconds  code(4) message(Build asset version error: assets/textmesh pro/resources/fonts & materials/liberationsans sdf - fallback.asset in SourceAssetDB has modification time of '2021-02-16T06:45:16Z' while content on disk has modification time of '2023-04-25T23:16:11Z')
  ERROR: Build asset version error: assets/textmesh pro/resources/fonts & materials/liberationsans sdf - fallback.asset in SourceAssetDB has modification time of '2021-02-16T06:45:16Z' while content on disk has modification time of '2023-04-25T23:16:11Z'
========================================================================
Received Import Request.
  Time since last request: 271.534048 seconds.
  path: 
  artifactKey: Guid(84526ed1aebf346aa861a1723fdf7c38) Importer(815301076,1909f56bfc062723c751e8b465ee728b)
Start importing  using Guid(84526ed1aebf346aa861a1723fdf7c38) Importer(815301076,1909f56bfc062723c751e8b465ee728b)  -> (artifact id: '00000000000000000000000000000000') in 0.000070 seconds  code(3) message(Unknown asset with GUID '84526ed1aebf346aa861a1723fdf7c38')
  ERROR: Unknown asset with GUID '84526ed1aebf346aa861a1723fdf7c38'
========================================================================
Received Import Request.
  Time since last request: 0.000066 seconds.
  path: 
  artifactKey: Guid(890580084c7324e6c9ff1a4d7f9999ec) Importer(815301076,1909f56bfc062723c751e8b465ee728b)
Start importing  using Guid(890580084c7324e6c9ff1a4d7f9999ec) Importer(815301076,1909f56bfc062723c751e8b465ee728b)  -> (artifact id: '00000000000000000000000000000000') in 0.000062 seconds  code(3) message(Unknown asset with GUID '890580084c7324e6c9ff1a4d7f9999ec')
  ERROR: Unknown asset with GUID '890580084c7324e6c9ff1a4d7f9999ec'
========================================================================
Received Prepare
Registering precompiled user dll's ...
Registered in 0.002496 seconds.
Begin MonoManager ReloadAssembly
Symbol file LoadedFromMemory doesn't match image /Users/mbstudent/Documents/GitHub/Team-AA/Flag Identification/Library/PackageCache/com.unity.visualscripting@1.8.0/Editor/VisualScripting.Core/Dependencies/YamlDotNet/Unity.VisualScripting.YamlDotNet.dll
Symbol file LoadedFromMemory doesn't match image /Users/mbstudent/Documents/GitHub/Team-AA/Flag Identification/Library/PackageCache/com.unity.visualscripting@1.8.0/Editor/VisualScripting.Core/Dependencies/DotNetZip/Unity.VisualScripting.IonicZip.dll
Native extension for OSXStandalone target not found
Native extension for WebGL target not found
Refreshing native plugins compatible for Editor in 0.81 ms, found 2 plugins.
Preloading 0 native plugins for Editor in 0.00 ms.
Mono: successfully reloaded assembly
- Completed reload, in  1.482 seconds
Domain Reload Profiling:
	ReloadAssembly (1483ms)
		BeginReloadAssembly (165ms)
			ExecutionOrderSort (0ms)
			DisableScriptedObjects (6ms)
			BackupInstance (0ms)
			ReleaseScriptingObjects (0ms)
			CreateAndSetChildDomain (69ms)
		EndReloadAssembly (1183ms)
			LoadAssemblies (75ms)
			RebuildTransferFunctionScriptingTraits (0ms)
			SetupTypeCache (449ms)
			ReleaseScriptCaches (1ms)
			RebuildScriptCaches (74ms)
			SetupLoadedEditorAssemblies (487ms)
				LogAssemblyErrors (0ms)
				InitializePlatformSupportModulesInManaged (16ms)
				SetLoadedEditorAssemblies (1ms)
				RefreshPlugins (1ms)
				BeforeProcessingInitializeOnLoad (84ms)
				ProcessInitializeOnLoadAttributes (349ms)
				ProcessInitializeOnLoadMethodAttributes (33ms)
				AfterProcessingInitializeOnLoad (4ms)
				EditorAssembliesLoaded (0ms)
			ExecutionOrderSort2 (0ms)
			AwakeInstancesAfterBackupRestoration (7ms)
Platform modules already initialized, skipping
Refreshing native plugins compatible for Editor in 1.61 ms, found 2 plugins.
Preloading 0 native plugins for Editor in 0.00 ms.
Unloading 3043 Unused Serialized files (Serialized files now loaded: 0)
Unloading 17 unused Assets / (64.6 KB). Loaded Objects now: 3573.
Memory consumption went from 114.0 MB to 114.0 MB.
Total: 4.342105 ms (FindLiveObjects: 0.436799 ms CreateObjectMapping: 0.456674 ms MarkObjects: 3.331403 ms  DeleteObjects: 0.116231 ms)

AssetImportParameters requested are different than current active one (requested -> active):
  custom:video-decoder-ogg-theora: a1e56fd34408186e4bbccfd4996cb3dc -> 
  custom:container-muxer-webm: aa71ff27fc2769a1b78a27578f13a17b -> 
  custom:container-demuxer-webm: 4f35f7cbe854078d1ac9338744f61a02 -> 
  custom:video-encoder-webm-vp8: eb34c28f22e8b96e1ab97ce403110664 -> 
  custom:framework-osx-AVFoundation: e770b220cccbd017edd2c1fefb359320 -> 
  custom:audio-encoder-webm-vorbis: bf7c407c2cedff20999df2af8eb42d56 -> 
  custom:container-demuxer-ogg: 62fdf1f143b41e24485cea50d1cbac27 -> 
  custom:video-decoder-webm-vp8: 9c59270c3fd7afecdb556c50c9e8de78 -> 
  custom:audio-decoder-ogg-vorbis: bf7c407c2cedff20999df2af8eb42d56 -> 
========================================================================
Received Import Request.
  Time since last request: 839.752085 seconds.
  path: 
  artifactKey: Guid(84526ed1aebf346aa861a1723fdf7c38) Importer(815301076,1909f56bfc062723c751e8b465ee728b)
Start importing  using Guid(84526ed1aebf346aa861a1723fdf7c38) Importer(815301076,1909f56bfc062723c751e8b465ee728b)  -> (artifact id: '00000000000000000000000000000000') in 0.000055 seconds  code(3) message(Unknown asset with GUID '84526ed1aebf346aa861a1723fdf7c38')
  ERROR: Unknown asset with GUID '84526ed1aebf346aa861a1723fdf7c38'
========================================================================
Received Import Request.
  Time since last request: 2618.329111 seconds.
  path: 
  artifactKey: Guid(84526ed1aebf346aa861a1723fdf7c38) Importer(815301076,1909f56bfc062723c751e8b465ee728b)
Start importing  using Guid(84526ed1aebf346aa861a1723fdf7c38) Importer(815301076,1909f56bfc062723c751e8b465ee728b)  -> (artifact id: '00000000000000000000000000000000') in 0.000065 seconds  code(3) message(Unknown asset with GUID '84526ed1aebf346aa861a1723fdf7c38')
  ERROR: Unknown asset with GUID '84526ed1aebf346aa861a1723fdf7c38'
========================================================================
Received Import Request.
  Time since last request: 0.000077 seconds.
  path: 
  artifactKey: Guid(890580084c7324e6c9ff1a4d7f9999ec) Importer(815301076,1909f56bfc062723c751e8b465ee728b)
Start importing  using Guid(890580084c7324e6c9ff1a4d7f9999ec) Importer(815301076,1909f56bfc062723c751e8b465ee728b)  -> (artifact id: '00000000000000000000000000000000') in 0.000091 seconds  code(3) message(Unknown asset with GUID '890580084c7324e6c9ff1a4d7f9999ec')
  ERROR: Unknown asset with GUID '890580084c7324e6c9ff1a4d7f9999ec'
========================================================================
Received Prepare
Registering precompiled user dll's ...
Registered in 0.002401 seconds.
Begin MonoManager ReloadAssembly
Symbol file LoadedFromMemory doesn't match image /Users/mbstudent/Documents/GitHub/Team-AA/Flag Identification/Library/PackageCache/com.unity.visualscripting@1.8.0/Editor/VisualScripting.Core/Dependencies/YamlDotNet/Unity.VisualScripting.YamlDotNet.dll
Symbol file LoadedFromMemory doesn't match image /Users/mbstudent/Documents/GitHub/Team-AA/Flag Identification/Library/PackageCache/com.unity.visualscripting@1.8.0/Editor/VisualScripting.Core/Dependencies/DotNetZip/Unity.VisualScripting.IonicZip.dll
Native extension for OSXStandalone target not found
Native extension for WebGL target not found
Refreshing native plugins compatible for Editor in 1.21 ms, found 2 plugins.
Preloading 0 native plugins for Editor in 0.00 ms.
Mono: successfully reloaded assembly
- Completed reload, in  1.949 seconds
Domain Reload Profiling:
	ReloadAssembly (1951ms)
		BeginReloadAssembly (421ms)
			ExecutionOrderSort (0ms)
			DisableScriptedObjects (19ms)
			BackupInstance (0ms)
			ReleaseScriptingObjects (0ms)
			CreateAndSetChildDomain (207ms)
		EndReloadAssembly (1350ms)
			LoadAssemblies (144ms)
			RebuildTransferFunctionScriptingTraits (0ms)
			SetupTypeCache (572ms)
			ReleaseScriptCaches (2ms)
			RebuildScriptCaches (82ms)
			SetupLoadedEditorAssemblies (484ms)
				LogAssemblyErrors (0ms)
				InitializePlatformSupportModulesInManaged (16ms)
				SetLoadedEditorAssemblies (1ms)
				RefreshPlugins (1ms)
				BeforeProcessingInitializeOnLoad (86ms)
				ProcessInitializeOnLoadAttributes (346ms)
				ProcessInitializeOnLoadMethodAttributes (31ms)
				AfterProcessingInitializeOnLoad (2ms)
				EditorAssembliesLoaded (0ms)
			ExecutionOrderSort2 (0ms)
			AwakeInstancesAfterBackupRestoration (8ms)
Platform modules already initialized, skipping
Refreshing native plugins compatible for Editor in 1.50 ms, found 2 plugins.
Preloading 0 native plugins for Editor in 0.00 ms.
Unloading 3043 Unused Serialized files (Serialized files now loaded: 0)
Unloading 17 unused Assets / (68.2 KB). Loaded Objects now: 3576.
Memory consumption went from 114.0 MB to 114.0 MB.
Total: 5.587245 ms (FindLiveObjects: 0.675669 ms CreateObjectMapping: 0.231228 ms MarkObjects: 4.452088 ms  DeleteObjects: 0.223552 ms)

AssetImportParameters requested are different than current active one (requested -> active):
  custom:video-decoder-ogg-theora: a1e56fd34408186e4bbccfd4996cb3dc -> 
  custom:container-muxer-webm: aa71ff27fc2769a1b78a27578f13a17b -> 
  custom:container-demuxer-webm: 4f35f7cbe854078d1ac9338744f61a02 -> 
  custom:video-encoder-webm-vp8: eb34c28f22e8b96e1ab97ce403110664 -> 
  custom:framework-osx-AVFoundation: e770b220cccbd017edd2c1fefb359320 -> 
  custom:audio-encoder-webm-vorbis: bf7c407c2cedff20999df2af8eb42d56 -> 
  custom:container-demuxer-ogg: 62fdf1f143b41e24485cea50d1cbac27 -> 
  custom:video-decoder-webm-vp8: 9c59270c3fd7afecdb556c50c9e8de78 -> 
  custom:audio-decoder-ogg-vorbis: bf7c407c2cedff20999df2af8eb42d56 -> 
========================================================================
Received Import Request.
  Time since last request: 2350.361929 seconds.
  path: 
  artifactKey: Guid(84526ed1aebf346aa861a1723fdf7c38) Importer(815301076,1909f56bfc062723c751e8b465ee728b)
Start importing  using Guid(84526ed1aebf346aa861a1723fdf7c38) Importer(815301076,1909f56bfc062723c751e8b465ee728b)  -> (artifact id: '00000000000000000000000000000000') in 0.000359 seconds  code(3) message(Unknown asset with GUID '84526ed1aebf346aa861a1723fdf7c38')
  ERROR: Unknown asset with GUID '84526ed1aebf346aa861a1723fdf7c38'
========================================================================
Received Import Request.
  Time since last request: 0.000095 seconds.
  path: Assets/Main Menu _3.png
  artifactKey: Guid(d494ab344ade74087bf66caa3daed701) Importer(815301076,1909f56bfc062723c751e8b465ee728b)
Start importing Assets/Main Menu _3.png using Guid(d494ab344ade74087bf66caa3daed701) Importer(815301076,1909f56bfc062723c751e8b465ee728b)  -> (artifact id: '00000000000000000000000000000000') in 0.332171 seconds  code(4) message(Build asset version error: assets/main menu _3.png in SourceAssetDB has modification time of '2023-04-25T22:29:44Z' while content on disk has modification time of '2023-04-25T22:44:29Z')
  ERROR: Build asset version error: assets/main menu _3.png in SourceAssetDB has modification time of '2023-04-25T22:29:44Z' while content on disk has modification time of '2023-04-25T22:44:29Z'
========================================================================
Received Prepare
Registering precompiled user dll's ...
Registered in 0.002724 seconds.
Begin MonoManager ReloadAssembly
Symbol file LoadedFromMemory doesn't match image /Users/mbstudent/Documents/GitHub/Team-AA/Flag Identification/Library/PackageCache/com.unity.visualscripting@1.8.0/Editor/VisualScripting.Core/Dependencies/YamlDotNet/Unity.VisualScripting.YamlDotNet.dll
Symbol file LoadedFromMemory doesn't match image /Users/mbstudent/Documents/GitHub/Team-AA/Flag Identification/Library/PackageCache/com.unity.visualscripting@1.8.0/Editor/VisualScripting.Core/Dependencies/DotNetZip/Unity.VisualScripting.IonicZip.dll
Native extension for OSXStandalone target not found
Native extension for WebGL target not found
Refreshing native plugins compatible for Editor in 1.08 ms, found 2 plugins.
Preloading 0 native plugins for Editor in 0.00 ms.
Mono: successfully reloaded assembly
- Completed reload, in  1.640 seconds
Domain Reload Profiling:
	ReloadAssembly (1641ms)
		BeginReloadAssembly (187ms)
			ExecutionOrderSort (0ms)
			DisableScriptedObjects (8ms)
			BackupInstance (0ms)
			ReleaseScriptingObjects (0ms)
			CreateAndSetChildDomain (80ms)
		EndReloadAssembly (1313ms)
			LoadAssemblies (90ms)
			RebuildTransferFunctionScriptingTraits (0ms)
			SetupTypeCache (428ms)
			ReleaseScriptCaches (1ms)
			RebuildScriptCaches (91ms)
			SetupLoadedEditorAssemblies (582ms)
				LogAssemblyErrors (0ms)
				InitializePlatformSupportModulesInManaged (19ms)
				SetLoadedEditorAssemblies (2ms)
				RefreshPlugins (1ms)
				BeforeProcessingInitializeOnLoad (100ms)
				ProcessInitializeOnLoadAttributes (420ms)
				ProcessInitializeOnLoadMethodAttributes (37ms)
				AfterProcessingInitializeOnLoad (3ms)
				EditorAssembliesLoaded (0ms)
			ExecutionOrderSort2 (0ms)
			AwakeInstancesAfterBackupRestoration (8ms)
Platform modules already initialized, skipping
Refreshing native plugins compatible for Editor in 2.27 ms, found 2 plugins.
Preloading 0 native plugins for Editor in 0.00 ms.
Unloading 3043 Unused Serialized files (Serialized files now loaded: 0)
Unloading 17 unused Assets / (68.1 KB). Loaded Objects now: 3583.
Memory consumption went from 118.2 MB to 118.1 MB.
Total: 5.321487 ms (FindLiveObjects: 0.573063 ms CreateObjectMapping: 0.348823 ms MarkObjects: 4.208521 ms  DeleteObjects: 0.189696 ms)

AssetImportParameters requested are different than current active one (requested -> active):
  custom:video-decoder-ogg-theora: a1e56fd34408186e4bbccfd4996cb3dc -> 
  custom:container-muxer-webm: aa71ff27fc2769a1b78a27578f13a17b -> 
  custom:container-demuxer-webm: 4f35f7cbe854078d1ac9338744f61a02 -> 
  custom:video-encoder-webm-vp8: eb34c28f22e8b96e1ab97ce403110664 -> 
  custom:framework-osx-AVFoundation: e770b220cccbd017edd2c1fefb359320 -> 
  custom:audio-encoder-webm-vorbis: bf7c407c2cedff20999df2af8eb42d56 -> 
  custom:container-demuxer-ogg: 62fdf1f143b41e24485cea50d1cbac27 -> 
  custom:video-decoder-webm-vp8: 9c59270c3fd7afecdb556c50c9e8de78 -> 
  custom:audio-decoder-ogg-vorbis: bf7c407c2cedff20999df2af8eb42d56 -> 
========================================================================
Received Import Request.
  Time since last request: 42.841409 seconds.
  path: 
  artifactKey: Guid(84526ed1aebf346aa861a1723fdf7c38) Importer(815301076,1909f56bfc062723c751e8b465ee728b)
Start importing  using Guid(84526ed1aebf346aa861a1723fdf7c38) Importer(815301076,1909f56bfc062723c751e8b465ee728b)  -> (artifact id: '00000000000000000000000000000000') in 0.000050 seconds  code(3) message(Unknown asset with GUID '84526ed1aebf346aa861a1723fdf7c38')
  ERROR: Unknown asset with GUID '84526ed1aebf346aa861a1723fdf7c38'
